[debug] [2017-12-25T08:24:52.385Z] ----------------------------------------------------------------------
[debug] [2017-12-25T08:24:52.401Z] Command:       C:\Program Files\nodejs\node.exe C:\Users\Riordan Alfredo\AppData\Roaming\npm\node_modules\firebase-tools\bin\firebase deploy
[debug] [2017-12-25T08:24:52.401Z] CLI Version:   3.10.0
[debug] [2017-12-25T08:24:52.401Z] Platform:      win32
[debug] [2017-12-25T08:24:52.401Z] Node Version:  v6.9.1
[debug] [2017-12-25T08:24:52.417Z] Time:          Mon Dec 25 2017 15:24:52 GMT+0700 (SE Asia Standard Time)
[debug] [2017-12-25T08:24:52.417Z] ----------------------------------------------------------------------
[debug] 
[debug] [2017-12-25T08:24:52.495Z] > command requires scopes: ["email","openid","https://www.googleapis.com/auth/cloudplatformprojects.readonly","https://www.googleapis.com/auth/firebase","https://www.googleapis.com/auth/cloud-platform"]
[debug] [2017-12-25T08:24:52.495Z] > authorizing via signed-in user
[debug] [2017-12-25T08:24:52.510Z] > refreshing access token with scopes: ["email","https://www.googleapis.com/auth/cloud-platform","https://www.googleapis.com/auth/cloudplatformprojects.readonly","https://www.googleapis.com/auth/firebase","openid"]
[debug] [2017-12-25T08:24:52.510Z] >>> HTTP REQUEST POST https://www.googleapis.com/oauth2/v3/token { refresh_token: '1/EfQzgTh05ykUmhLtgQGphdR12j1rJJkoLkEpG2qLvz0',
  client_id: '563584335869-fgrhgmd47bqnekij5i8b5pr03ho849e6.apps.googleusercontent.com',
  client_secret: 'j9iVZfS8kkCEFUPaAeJV0sAi',
  grant_type: 'refresh_token',
  scope: 'email https://www.googleapis.com/auth/cloud-platform https://www.googleapis.com/auth/cloudplatformprojects.readonly https://www.googleapis.com/auth/firebase openid' } 
 Mon Dec 25 2017 15:24:52 GMT+0700 (SE Asia Standard Time)
[debug] [2017-12-25T08:24:59.557Z] <<< HTTP RESPONSE 200
[debug] [2017-12-25T08:24:59.573Z] >>> HTTP REQUEST GET https://admin.firebase.com/v1/projects/switch-pttp  
 Mon Dec 25 2017 15:24:59 GMT+0700 (SE Asia Standard Time)
[debug] [2017-12-25T08:25:11.598Z] <<< HTTP RESPONSE 200
[debug] [2017-12-25T08:25:11.598Z] >>> HTTP REQUEST GET https://admin.firebase.com/v1/database/switch-pttp/tokens  
 Mon Dec 25 2017 15:25:11 GMT+0700 (SE Asia Standard Time)
[debug] [2017-12-25T08:25:34.474Z] <<< HTTP RESPONSE 200
[info] 
[info] === Deploying to 'switch-pttp'...
[info] 
[info] i  deploying hosting
[info] i  hosting: preparing public directory for upload...
[debug] [2017-12-25T08:25:41.051Z] >>> HTTP REQUEST PUT https://deploy.firebase.com/v1/hosting/switch-pttp/uploads/-L1BlhxSZ2N_qVASC5YE?fileCount=29&message=  
 Mon Dec 25 2017 15:25:41 GMT+0700 (SE Asia Standard Time)
